Performing C SOURCE FILE Test CMAKE_HAVE_LIBC_PTHREAD failed with the following output:
Change Dir: /home/pierrick/Tek2/Save/blobbyvolley2/CMakeFiles/CMakeTmp

Run Build Command(s):/usr/bin/gmake cmTC_7f148/fast && /usr/bin/gmake  -f CMakeFiles/cmTC_7f148.dir/build.make CMakeFiles/cmTC_7f148.dir/build
gmake[1] : on entre dans le répertoire « /home/pierrick/Tek2/Save/blobbyvolley2/CMakeFiles/CMakeTmp »
Building C object CMakeFiles/cmTC_7f148.dir/src.c.o
/usr/lib64/ccache/cc   -DCMAKE_HAVE_LIBC_PTHREAD   -o CMakeFiles/cmTC_7f148.dir/src.c.o   -c /home/pierrick/Tek2/Save/blobbyvolley2/CMakeFiles/CMakeTmp/src.c
Linking C executable cmTC_7f148
/usr/bin/cmake -E cmake_link_script CMakeFiles/cmTC_7f148.dir/link.txt --verbose=1
/usr/lib64/ccache/cc  -DCMAKE_HAVE_LIBC_PTHREAD    -rdynamic CMakeFiles/cmTC_7f148.dir/src.c.o  -o cmTC_7f148 
/usr/bin/ld: CMakeFiles/cmTC_7f148.dir/src.c.o: in function `main':
src.c:(.text+0x2d): undefined reference to `pthread_create'
/usr/bin/ld: src.c:(.text+0x39): undefined reference to `pthread_detach'
/usr/bin/ld: src.c:(.text+0x45): undefined reference to `pthread_cancel'
/usr/bin/ld: src.c:(.text+0x56): undefined reference to `pthread_join'
collect2: erreur: ld a retourné le statut de sortie 1
gmake[1]: *** [CMakeFiles/cmTC_7f148.dir/build.make:107: cmTC_7f148] Error 1
gmake[1] : on quitte le répertoire « /home/pierrick/Tek2/Save/blobbyvolley2/CMakeFiles/CMakeTmp »
gmake: *** [Makefile:141: cmTC_7f148/fast] Error 2


Source file was:
#include <pthread.h>

void* test_func(void* data)
{
  return data;
}

int main(void)
{
  pthread_t thread;
  pthread_create(&thread, NULL, test_func, NULL);
  pthread_detach(thread);
  pthread_cancel(thread);
  pthread_join(thread, NULL);
  pthread_atfork(NULL, NULL, NULL);
  pthread_exit(NULL);

  return 0;
}

Determining if the function pthread_create exists in the pthreads failed with the following output:
Change Dir: /home/pierrick/Tek2/Save/blobbyvolley2/CMakeFiles/CMakeTmp

Run Build Command(s):/usr/bin/gmake cmTC_d06a7/fast && /usr/bin/gmake  -f CMakeFiles/cmTC_d06a7.dir/build.make CMakeFiles/cmTC_d06a7.dir/build
gmake[1] : on entre dans le répertoire « /home/pierrick/Tek2/Save/blobbyvolley2/CMakeFiles/CMakeTmp »
Building C object CMakeFiles/cmTC_d06a7.dir/CheckFunctionExists.c.o
/usr/lib64/ccache/cc   -DCHECK_FUNCTION_EXISTS=pthread_create   -o CMakeFiles/cmTC_d06a7.dir/CheckFunctionExists.c.o   -c /usr/share/cmake/Modules/CheckFunctionExists.c
Linking C executable cmTC_d06a7
/usr/bin/cmake -E cmake_link_script CMakeFiles/cmTC_d06a7.dir/link.txt --verbose=1
/usr/lib64/ccache/cc  -DCHECK_FUNCTION_EXISTS=pthread_create    -rdynamic CMakeFiles/cmTC_d06a7.dir/CheckFunctionExists.c.o  -o cmTC_d06a7  -lpthreads 
/usr/bin/ld : ne peut trouver -lpthreads
collect2: erreur: ld a retourné le statut de sortie 1
gmake[1]: *** [CMakeFiles/cmTC_d06a7.dir/build.make:107: cmTC_d06a7] Error 1
gmake[1] : on quitte le répertoire « /home/pierrick/Tek2/Save/blobbyvolley2/CMakeFiles/CMakeTmp »
gmake: *** [Makefile:141: cmTC_d06a7/fast] Error 2



